<?xml version="1.0" encoding="UTF-8"?>
<!-- Generated by org.testng.reporters.JUnitXMLReporter -->
<testsuite hostname="DESKTOP-J08TL4P" ignored="0" name="Test1" tests="3" failures="0" timestamp="29 Oca 2021 11:00:14 GMT" time="92.679" errors="0">
  <testcase name="no_input" time="6.004" classname="MainGittiGidiyor.GittiGidiyorFramework.GirisYapNoInput"/>
  <testcase name="yanlis_bilgi" time="26.757" classname="MainGittiGidiyor.GittiGidiyorFramework.GirisYapYanlisBilgi"/>
  <testcase name="az_karakter" time="12.894" classname="MainGittiGidiyor.GittiGidiyorFramework.GirisYapAzKarakter"/>
</testsuite> <!-- Test1 -->
